{"uid":"6e6ceefed38d2850","name":"test_veraddprodasguest","fullName":"tests.test_guestmode#test_veraddprodasguest","historyId":"cda43b722c3341ecc723e0b7cc16e9a4","time":{"start":1769879127034,"stop":1769879138402,"duration":11368},"status":"failed","statusMessage":"AssertionError: Locator expected to have text '2'\nActual value: <element(s) not found> \nCall log:\n  - Expect \"to_have_text\" with timeout 5000ms\n  - waiting for locator(\"span#cart-count\")","statusTrace":"page = <Page url='https://automationexercise.com/'>\nsign_up = <pages.homePage.SignUp object at 0x7f3a9092fca0>\nlogin_page = <pages.loginPage.Login object at 0x7f3a90641c90>\nproducts_page = <pages.productPage.Products object at 0x7f3a90641fc0>\n\n    def test_veraddprodasguest(page : Page , sign_up , login_page , products_page):\n        sign_up.launch_appURL(page)\n        products_page.add_products_to_cart(page)\n        testData1 = read_json(file_path)\n        login_page.user_login(page , testData1[\"email\"] , testData1[\"password\"])\n>       expect(page.locator(\"span#cart-count\")).to_have_text(\"2\")\nE       AssertionError: Locator expected to have text '2'\nE       Actual value: <element(s) not found> \nE       Call log:\nE         - Expect \"to_have_text\" with timeout 5000ms\nE         - waiting for locator(\"span#cart-count\")\n\ntests/test_guestmode.py:20: AssertionError","flaky":false,"newFailed":false,"newBroken":false,"newPassed":false,"retriesCount":0,"retriesStatusChange":false,"beforeStages":[{"name":"page","time":{"start":1769879126267,"stop":1769879127033,"duration":766},"status":"passed","steps":[],"attachments":[],"parameters":[],"shouldDisplayMessage":false,"stepsCount":0,"attachmentsCount":0,"hasContent":false,"attachmentStep":false},{"name":"products_page","time":{"start":1769879127033,"stop":1769879127033,"duration":0},"status":"passed","steps":[],"attachments":[],"parameters":[],"shouldDisplayMessage":false,"stepsCount":0,"attachmentsCount":0,"hasContent":false,"attachmentStep":false},{"name":"login_page","time":{"start":1769879127033,"stop":1769879127033,"duration":0},"status":"passed","steps":[],"attachments":[],"parameters":[],"shouldDisplayMessage":false,"stepsCount":0,"attachmentsCount":0,"hasContent":false,"attachmentStep":false},{"name":"sign_up","time":{"start":1769879127033,"stop":1769879127033,"duration":0},"status":"passed","steps":[],"attachments":[],"parameters":[],"shouldDisplayMessage":false,"stepsCount":0,"attachmentsCount":0,"hasContent":false,"attachmentStep":false}],"testStage":{"status":"failed","statusMessage":"AssertionError: Locator expected to have text '2'\nActual value: <element(s) not found> \nCall log:\n  - Expect \"to_have_text\" with timeout 5000ms\n  - waiting for locator(\"span#cart-count\")","statusTrace":"page = <Page url='https://automationexercise.com/'>\nsign_up = <pages.homePage.SignUp object at 0x7f3a9092fca0>\nlogin_page = <pages.loginPage.Login object at 0x7f3a90641c90>\nproducts_page = <pages.productPage.Products object at 0x7f3a90641fc0>\n\n    def test_veraddprodasguest(page : Page , sign_up , login_page , products_page):\n        sign_up.launch_appURL(page)\n        products_page.add_products_to_cart(page)\n        testData1 = read_json(file_path)\n        login_page.user_login(page , testData1[\"email\"] , testData1[\"password\"])\n>       expect(page.locator(\"span#cart-count\")).to_have_text(\"2\")\nE       AssertionError: Locator expected to have text '2'\nE       Actual value: <element(s) not found> \nE       Call log:\nE         - Expect \"to_have_text\" with timeout 5000ms\nE         - waiting for locator(\"span#cart-count\")\n\ntests/test_guestmode.py:20: AssertionError","steps":[{"name":"Launching application URL","time":{"start":1769879127034,"stop":1769879128802,"duration":1768},"status":"passed","steps":[],"attachments":[],"parameters":[{"name":"page","value":"<Page url='about:blank'>"}],"shouldDisplayMessage":false,"stepsCount":0,"attachmentsCount":0,"hasContent":true,"attachmentStep":false},{"name":"Adding products to cart","time":{"start":1769879128802,"stop":1769879131361,"duration":2559},"status":"passed","steps":[],"attachments":[],"parameters":[{"name":"page","value":"<Page url='https://automationexercise.com/'>"}],"shouldDisplayMessage":false,"stepsCount":0,"attachmentsCount":0,"hasContent":true,"attachmentStep":false},{"name":"User login with email and password","time":{"start":1769879131361,"stop":1769879133396,"duration":2035},"status":"passed","steps":[{"name":"Launching application URL","time":{"start":1769879131361,"stop":1769879131984,"duration":623},"status":"passed","steps":[],"attachments":[],"parameters":[{"name":"page","value":"<Page url='https://automationexercise.com/product_details/2'>"}],"shouldDisplayMessage":false,"stepsCount":0,"attachmentsCount":0,"hasContent":true,"attachmentStep":false}],"attachments":[],"parameters":[{"name":"page","value":"<Page url='https://automationexercise.com/product_details/2'>"},{"name":"email","value":"'sunilkumardharmana11@gmail.com'"},{"name":"password","value":"'9989301761'"}],"shouldDisplayMessage":false,"stepsCount":1,"attachmentsCount":0,"hasContent":true,"attachmentStep":false}],"attachments":[{"uid":"651d5dec62fdf29a","name":"Failure Screenshot","source":"651d5dec62fdf29a.png","type":"image/png","size":346957}],"parameters":[],"shouldDisplayMessage":true,"stepsCount":4,"attachmentsCount":1,"hasContent":true,"attachmentStep":false},"afterStages":[{"name":"page::0","time":{"start":1769879138508,"stop":1769879138564,"duration":56},"status":"passed","steps":[],"attachments":[],"parameters":[],"shouldDisplayMessage":false,"stepsCount":0,"attachmentsCount":0,"hasContent":false,"attachmentStep":false}],"labels":[{"name":"parentSuite","value":"tests"},{"name":"suite","value":"test_guestmode"},{"name":"host","value":"runnervmkj6or"},{"name":"thread","value":"5658-MainThread"},{"name":"framework","value":"pytest"},{"name":"language","value":"cpython3"},{"name":"package","value":"tests.test_guestmode"},{"name":"resultFormat","value":"allure2"}],"parameters":[],"links":[],"hidden":false,"retry":false,"extra":{"severity":"normal","retries":[],"categories":[{"name":"Product defects","matchedStatuses":[],"flaky":false}],"tags":[]},"source":"6e6ceefed38d2850.json","parameterValues":[]}