{"uid":"b67529f004f04c41","name":"test_veraddprodasguest","fullName":"tests.test_guestmode#test_veraddprodasguest","historyId":"cda43b722c3341ecc723e0b7cc16e9a4","time":{"start":1771045022095,"stop":1771045032173,"duration":10078},"status":"failed","statusMessage":"AssertionError: Locator expected to have text '2'\nActual value: <element(s) not found> \nCall log:\n  - Expect \"to_have_text\" with timeout 5000ms\n  - waiting for locator(\"span#cart-count\")","statusTrace":"page = <Page url='https://automationexercise.com/'>\nsign_up = <pages.homePage.SignUp object at 0x7f42e1554460>\nlogin_page = <pages.loginPage.Login object at 0x7f42e1555d50>\nproducts_page = <pages.productPage.Products object at 0x7f42e1555e70>\n\n    def test_veraddprodasguest(page : Page , sign_up , login_page , products_page):\n        sign_up.launch_appURL(page)\n        products_page.add_products_to_cart(page)\n        testData1 = read_json(file_path)\n        login_page.user_login(page , testData1[\"email\"] , testData1[\"password\"])\n>       expect(page.locator(\"span#cart-count\")).to_have_text(\"2\")\nE       AssertionError: Locator expected to have text '2'\nE       Actual value: <element(s) not found> \nE       Call log:\nE         - Expect \"to_have_text\" with timeout 5000ms\nE         - waiting for locator(\"span#cart-count\")\n\ntests/test_guestmode.py:20: AssertionError","flaky":false,"newFailed":false,"newBroken":false,"newPassed":false,"retriesCount":0,"retriesStatusChange":false,"beforeStages":[{"name":"page","time":{"start":1771045020082,"stop":1771045022093,"duration":2011},"status":"passed","steps":[],"attachments":[],"parameters":[],"stepsCount":0,"attachmentsCount":0,"shouldDisplayMessage":false,"hasContent":false,"attachmentStep":false},{"name":"login_page","time":{"start":1771045022093,"stop":1771045022094,"duration":1},"status":"passed","steps":[],"attachments":[],"parameters":[],"stepsCount":0,"attachmentsCount":0,"shouldDisplayMessage":false,"hasContent":false,"attachmentStep":false},{"name":"sign_up","time":{"start":1771045022093,"stop":1771045022093,"duration":0},"status":"passed","steps":[],"attachments":[],"parameters":[],"stepsCount":0,"attachmentsCount":0,"shouldDisplayMessage":false,"hasContent":false,"attachmentStep":false},{"name":"products_page","time":{"start":1771045022094,"stop":1771045022094,"duration":0},"status":"passed","steps":[],"attachments":[],"parameters":[],"stepsCount":0,"attachmentsCount":0,"shouldDisplayMessage":false,"hasContent":false,"attachmentStep":false}],"testStage":{"status":"failed","statusMessage":"AssertionError: Locator expected to have text '2'\nActual value: <element(s) not found> \nCall log:\n  - Expect \"to_have_text\" with timeout 5000ms\n  - waiting for locator(\"span#cart-count\")","statusTrace":"page = <Page url='https://automationexercise.com/'>\nsign_up = <pages.homePage.SignUp object at 0x7f42e1554460>\nlogin_page = <pages.loginPage.Login object at 0x7f42e1555d50>\nproducts_page = <pages.productPage.Products object at 0x7f42e1555e70>\n\n    def test_veraddprodasguest(page : Page , sign_up , login_page , products_page):\n        sign_up.launch_appURL(page)\n        products_page.add_products_to_cart(page)\n        testData1 = read_json(file_path)\n        login_page.user_login(page , testData1[\"email\"] , testData1[\"password\"])\n>       expect(page.locator(\"span#cart-count\")).to_have_text(\"2\")\nE       AssertionError: Locator expected to have text '2'\nE       Actual value: <element(s) not found> \nE       Call log:\nE         - Expect \"to_have_text\" with timeout 5000ms\nE         - waiting for locator(\"span#cart-count\")\n\ntests/test_guestmode.py:20: AssertionError","steps":[{"name":"Launching application URL","time":{"start":1771045022096,"stop":1771045023613,"duration":1517},"status":"passed","steps":[],"attachments":[],"parameters":[{"name":"page","value":"<Page url='about:blank'>"}],"stepsCount":0,"attachmentsCount":0,"shouldDisplayMessage":false,"hasContent":true,"attachmentStep":false},{"name":"Adding products to cart","time":{"start":1771045023613,"stop":1771045025681,"duration":2068},"status":"passed","steps":[],"attachments":[],"parameters":[{"name":"page","value":"<Page url='https://automationexercise.com/'>"}],"stepsCount":0,"attachmentsCount":0,"shouldDisplayMessage":false,"hasContent":true,"attachmentStep":false},{"name":"User login with email and password","time":{"start":1771045025681,"stop":1771045027169,"duration":1488},"status":"passed","steps":[{"name":"Launching application URL","time":{"start":1771045025681,"stop":1771045026331,"duration":650},"status":"passed","steps":[],"attachments":[],"parameters":[{"name":"page","value":"<Page url='https://automationexercise.com/product_details/2'>"}],"stepsCount":0,"attachmentsCount":0,"shouldDisplayMessage":false,"hasContent":true,"attachmentStep":false}],"attachments":[],"parameters":[{"name":"page","value":"<Page url='https://automationexercise.com/product_details/2'>"},{"name":"email","value":"'sunilkumardharmana11@gmail.com'"},{"name":"password","value":"'9989301761'"}],"stepsCount":1,"attachmentsCount":0,"shouldDisplayMessage":false,"hasContent":true,"attachmentStep":false}],"attachments":[{"uid":"443fd2c7fff93fe8","name":"Failure Screenshot","source":"443fd2c7fff93fe8.png","type":"image/png","size":346957}],"parameters":[],"stepsCount":4,"attachmentsCount":1,"shouldDisplayMessage":true,"hasContent":true,"attachmentStep":false},"afterStages":[{"name":"page::0","time":{"start":1771045032279,"stop":1771045032328,"duration":49},"status":"passed","steps":[],"attachments":[],"parameters":[],"stepsCount":0,"attachmentsCount":0,"shouldDisplayMessage":false,"hasContent":false,"attachmentStep":false}],"labels":[{"name":"parentSuite","value":"tests"},{"name":"suite","value":"test_guestmode"},{"name":"host","value":"runnervmjduv7"},{"name":"thread","value":"5576-MainThread"},{"name":"framework","value":"pytest"},{"name":"language","value":"cpython3"},{"name":"package","value":"tests.test_guestmode"},{"name":"resultFormat","value":"allure2"}],"parameters":[],"links":[],"hidden":false,"retry":false,"extra":{"severity":"normal","retries":[],"categories":[{"name":"Product defects","matchedStatuses":[],"flaky":false}],"tags":[]},"source":"b67529f004f04c41.json","parameterValues":[]}