{"uid":"fd763e26336bd8bc","name":"test_veraddprodasguest","fullName":"tests.test_guestmode#test_veraddprodasguest","historyId":"cda43b722c3341ecc723e0b7cc16e9a4","time":{"start":1770700691884,"stop":1770700702275,"duration":10391},"status":"failed","statusMessage":"AssertionError: Locator expected to have text '2'\nActual value: <element(s) not found> \nCall log:\n  - Expect \"to_have_text\" with timeout 5000ms\n  - waiting for locator(\"span#cart-count\")","statusTrace":"page = <Page url='https://automationexercise.com/'>\nsign_up = <pages.homePage.SignUp object at 0x7f4e59e27cd0>\nlogin_page = <pages.loginPage.Login object at 0x7f4e58b49c00>\nproducts_page = <pages.productPage.Products object at 0x7f4e58b49f30>\n\n    def test_veraddprodasguest(page : Page , sign_up , login_page , products_page):\n        sign_up.launch_appURL(page)\n        products_page.add_products_to_cart(page)\n        testData1 = read_json(file_path)\n        login_page.user_login(page , testData1[\"email\"] , testData1[\"password\"])\n>       expect(page.locator(\"span#cart-count\")).to_have_text(\"2\")\nE       AssertionError: Locator expected to have text '2'\nE       Actual value: <element(s) not found> \nE       Call log:\nE         - Expect \"to_have_text\" with timeout 5000ms\nE         - waiting for locator(\"span#cart-count\")\n\ntests/test_guestmode.py:20: AssertionError","flaky":false,"newFailed":false,"newBroken":false,"newPassed":false,"retriesCount":0,"retriesStatusChange":false,"beforeStages":[{"name":"page","time":{"start":1770700689281,"stop":1770700691880,"duration":2599},"status":"passed","steps":[],"attachments":[],"parameters":[],"shouldDisplayMessage":false,"stepsCount":0,"attachmentsCount":0,"hasContent":false,"attachmentStep":false},{"name":"login_page","time":{"start":1770700691881,"stop":1770700691881,"duration":0},"status":"passed","steps":[],"attachments":[],"parameters":[],"shouldDisplayMessage":false,"stepsCount":0,"attachmentsCount":0,"hasContent":false,"attachmentStep":false},{"name":"products_page","time":{"start":1770700691881,"stop":1770700691881,"duration":0},"status":"passed","steps":[],"attachments":[],"parameters":[],"shouldDisplayMessage":false,"stepsCount":0,"attachmentsCount":0,"hasContent":false,"attachmentStep":false},{"name":"sign_up","time":{"start":1770700691881,"stop":1770700691881,"duration":0},"status":"passed","steps":[],"attachments":[],"parameters":[],"shouldDisplayMessage":false,"stepsCount":0,"attachmentsCount":0,"hasContent":false,"attachmentStep":false}],"testStage":{"status":"failed","statusMessage":"AssertionError: Locator expected to have text '2'\nActual value: <element(s) not found> \nCall log:\n  - Expect \"to_have_text\" with timeout 5000ms\n  - waiting for locator(\"span#cart-count\")","statusTrace":"page = <Page url='https://automationexercise.com/'>\nsign_up = <pages.homePage.SignUp object at 0x7f4e59e27cd0>\nlogin_page = <pages.loginPage.Login object at 0x7f4e58b49c00>\nproducts_page = <pages.productPage.Products object at 0x7f4e58b49f30>\n\n    def test_veraddprodasguest(page : Page , sign_up , login_page , products_page):\n        sign_up.launch_appURL(page)\n        products_page.add_products_to_cart(page)\n        testData1 = read_json(file_path)\n        login_page.user_login(page , testData1[\"email\"] , testData1[\"password\"])\n>       expect(page.locator(\"span#cart-count\")).to_have_text(\"2\")\nE       AssertionError: Locator expected to have text '2'\nE       Actual value: <element(s) not found> \nE       Call log:\nE         - Expect \"to_have_text\" with timeout 5000ms\nE         - waiting for locator(\"span#cart-count\")\n\ntests/test_guestmode.py:20: AssertionError","steps":[{"name":"Launching application URL","time":{"start":1770700691884,"stop":1770700693681,"duration":1797},"status":"passed","steps":[],"attachments":[],"parameters":[{"name":"page","value":"<Page url='about:blank'>"}],"shouldDisplayMessage":false,"stepsCount":0,"attachmentsCount":0,"hasContent":true,"attachmentStep":false},{"name":"Adding products to cart","time":{"start":1770700693682,"stop":1770700695522,"duration":1840},"status":"passed","steps":[],"attachments":[],"parameters":[{"name":"page","value":"<Page url='https://automationexercise.com/'>"}],"shouldDisplayMessage":false,"stepsCount":0,"attachmentsCount":0,"hasContent":true,"attachmentStep":false},{"name":"User login with email and password","time":{"start":1770700695522,"stop":1770700697269,"duration":1747},"status":"passed","steps":[{"name":"Launching application URL","time":{"start":1770700695523,"stop":1770700696436,"duration":913},"status":"passed","steps":[],"attachments":[],"parameters":[{"name":"page","value":"<Page url='https://automationexercise.com/product_details/2'>"}],"shouldDisplayMessage":false,"stepsCount":0,"attachmentsCount":0,"hasContent":true,"attachmentStep":false}],"attachments":[],"parameters":[{"name":"page","value":"<Page url='https://automationexercise.com/product_details/2'>"},{"name":"email","value":"'sunilkumardharmana11@gmail.com'"},{"name":"password","value":"'9989301761'"}],"shouldDisplayMessage":false,"stepsCount":1,"attachmentsCount":0,"hasContent":true,"attachmentStep":false}],"attachments":[{"uid":"7d72c91f27be2593","name":"Failure Screenshot","source":"7d72c91f27be2593.png","type":"image/png","size":346957}],"parameters":[],"shouldDisplayMessage":true,"stepsCount":4,"attachmentsCount":1,"hasContent":true,"attachmentStep":false},"afterStages":[{"name":"page::0","time":{"start":1770700702382,"stop":1770700702431,"duration":49},"status":"passed","steps":[],"attachments":[],"parameters":[],"shouldDisplayMessage":false,"stepsCount":0,"attachmentsCount":0,"hasContent":false,"attachmentStep":false}],"labels":[{"name":"parentSuite","value":"tests"},{"name":"suite","value":"test_guestmode"},{"name":"host","value":"runnervmwffz4"},{"name":"thread","value":"5554-MainThread"},{"name":"framework","value":"pytest"},{"name":"language","value":"cpython3"},{"name":"package","value":"tests.test_guestmode"},{"name":"resultFormat","value":"allure2"}],"parameters":[],"links":[],"hidden":false,"retry":false,"extra":{"severity":"normal","retries":[],"categories":[{"name":"Product defects","matchedStatuses":[],"flaky":false}],"tags":[]},"source":"fd763e26336bd8bc.json","parameterValues":[]}